# JRE version: Java(TM) SE Runtime Environment (8.0_333-b02) (build 1.8.0_333-b02)
# Java VM: Java HotSpot(TM) 64-Bit Server VM (25.333-b02 mixed mode windows-amd64 compressed oops)
Heap:
 PSYoungGen      total 160768K, used 49249K [0x000000076b580000, 0x0000000777f80000, 0x00000007c0000000)
  eden space 147456K, 33% used [0x000000076b580000,0x000000076e5985b0,0x0000000774580000)
  from space 13312K, 0% used [0x0000000775200000,0x0000000775200000,0x0000000775f00000)
  to   space 12800K, 0% used [0x0000000774580000,0x0000000774580000,0x0000000775200000)
 ParOldGen       total 153088K, used 15219K [0x00000006c2000000, 0x00000006cb580000, 0x000000076b580000)
  object space 153088K, 9% used [0x00000006c2000000,0x00000006c2edcc58,0x00000006cb580000)
 Metaspace       used 37093K, capacity 39384K, committed 39592K, reserved 1085440K
  class space    used 4977K, capacity 5437K, committed 5544K, reserved 1048576K
GC Heap History (10 events):
Event: 1.320 GC heap before
{Heap before GC invocations=4 (full 1):
 PSYoungGen      total 75776K, used 9508K [0x000000076b580000, 0x0000000774980000, 0x00000007c0000000)
  eden space 65024K, 0% used [0x000000076b580000,0x000000076b580000,0x000000076f500000)
  from space 10752K, 88% used [0x000000076f500000,0x000000076fe49350,0x000000076ff80000)
  to   space 10752K, 0% used [0x0000000773f00000,0x0000000773f00000,0x0000000774980000)
 ParOldGen       total 173568K, used 48K [0x00000006c2000000, 0x00000006cc980000, 0x000000076b580000)
  object space 173568K, 0% used [0x00000006c2000000,0x00000006c200c000,0x00000006cc980000)
 Metaspace       used 20389K, capacity 21270K, committed 21296K, reserved 1067008K
  class space    used 2660K, capacity 2853K, committed 2864K, reserved 1048576K
Event: 1.336 GC heap after
Heap after GC invocations=4 (full 1):
 PSYoungGen      total 75776K, used 0K [0x000000076b580000, 0x0000000774980000, 0x00000007c0000000)
  eden space 65024K, 0% used [0x000000076b580000,0x000000076b580000,0x000000076f500000)
  from space 10752K, 0% used [0x000000076f500000,0x000000076f500000,0x000000076ff80000)
  to   space 10752K, 0% used [0x0000000773f00000,0x0000000773f00000,0x0000000774980000)
 ParOldGen       total 104960K, used 9093K [0x00000006c2000000, 0x00000006c8680000, 0x000000076b580000)
  object space 104960K, 8% used [0x00000006c2000000,0x00000006c28e1650,0x00000006c8680000)
 Metaspace       used 20387K, capacity 21264K, committed 21296K, reserved 1067008K
  class space    used 2659K, capacity 2852K, committed 2864K, reserved 1048576K
}
Event: 1.884 GC heap before
{Heap before GC invocations=5 (full 1):
 PSYoungGen      total 75776K, used 65024K [0x000000076b580000, 0x0000000774980000, 0x00000007c0000000)
  eden space 65024K, 100% used [0x000000076b580000,0x000000076f500000,0x000000076f500000)
  from space 10752K, 0% used [0x000000076f500000,0x000000076f500000,0x000000076ff80000)
  to   space 10752K, 0% used [0x0000000773f00000,0x0000000773f00000,0x0000000774980000)
 ParOldGen       total 104960K, used 9093K [0x00000006c2000000, 0x00000006c8680000, 0x000000076b580000)
  object space 104960K, 8% used [0x00000006c2000000,0x00000006c28e1650,0x00000006c8680000)
 Metaspace       used 25171K, capacity 26316K, committed 26544K, reserved 1073152K
  class space    used 3362K, capacity 3654K, committed 3760K, reserved 1048576K
Event: 1.888 GC heap after
Heap after GC invocations=5 (full 1):
 PSYoungGen      total 104960K, used 6965K [0x000000076b580000, 0x0000000774600000, 0x00000007c0000000)
  eden space 97792K, 0% used [0x000000076b580000,0x000000076b580000,0x0000000771500000)
  from space 7168K, 97% used [0x0000000773f00000,0x00000007745cd528,0x0000000774600000)
  to   space 10752K, 0% used [0x0000000773100000,0x0000000773100000,0x0000000773b80000)
 ParOldGen       total 104960K, used 9101K [0x00000006c2000000, 0x00000006c8680000, 0x000000076b580000)
  object space 104960K, 8% used [0x00000006c2000000,0x00000006c28e3650,0x00000006c8680000)
 Metaspace       used 25171K, capacity 26316K, committed 26544K, reserved 1073152K
  class space    used 3362K, capacity 3654K, committed 3760K, reserved 1048576K
}
Event: 2.336 GC heap before
{Heap before GC invocations=6 (full 1):
 PSYoungGen      total 104960K, used 104757K [0x000000076b580000, 0x0000000774600000, 0x00000007c0000000)
  eden space 97792K, 100% used [0x000000076b580000,0x0000000771500000,0x0000000771500000)
  from space 7168K, 97% used [0x0000000773f00000,0x00000007745cd528,0x0000000774600000)
  to   space 10752K, 0% used [0x0000000773100000,0x0000000773100000,0x0000000773b80000)
 ParOldGen       total 104960K, used 9101K [0x00000006c2000000, 0x00000006c8680000, 0x000000076b580000)
  object space 104960K, 8% used [0x00000006c2000000,0x00000006c28e3650,0x00000006c8680000)
 Metaspace       used 30962K, capacity 33022K, committed 33072K, reserved 1077248K
  class space    used 4177K, capacity 4607K, committed 4656K, reserved 1048576K
Event: 2.342 GC heap after
Heap after GC invocations=6 (full 1):
 PSYoungGen      total 137216K, used 10743K [0x000000076b580000, 0x0000000775f00000, 0x00000007c0000000)
  eden space 126464K, 0% used [0x000000076b580000,0x000000076b580000,0x0000000773100000)
  from space 10752K, 99% used [0x0000000773100000,0x0000000773b7df98,0x0000000773b80000)
  to   space 13312K, 0% used [0x0000000775200000,0x0000000775200000,0x0000000775f00000)
 ParOldGen       total 104960K, used 10712K [0x00000006c2000000, 0x00000006c8680000, 0x000000076b580000)
  object space 104960K, 10% used [0x00000006c2000000,0x00000006c2a76058,0x00000006c8680000)
 Metaspace       used 30962K, capacity 33022K, committed 33072K, reserved 1077248K
  class space    used 4177K, capacity 4607K, committed 4656K, reserved 1048576K
}
Event: 33.050 GC heap before
{Heap before GC invocations=7 (full 1):
 PSYoungGen      total 137216K, used 49415K [0x000000076b580000, 0x0000000775f00000, 0x00000007c0000000)
  eden space 126464K, 30% used [0x000000076b580000,0x000000076db43fd0,0x0000000773100000)
  from space 10752K, 99% used [0x0000000773100000,0x0000000773b7df98,0x0000000773b80000)
  to   space 13312K, 0% used [0x0000000775200000,0x0000000775200000,0x0000000775f00000)
 ParOldGen       total 104960K, used 10712K [0x00000006c2000000, 0x00000006c8680000, 0x000000076b580000)
  object space 104960K, 10% used [0x00000006c2000000,0x00000006c2a76058,0x00000006c8680000)
 Metaspace       used 33125K, capacity 35358K, committed 35496K, reserved 1079296K
  class space    used 4471K, capacity 4920K, committed 5032K, reserved 1048576K
Event: 33.056 GC heap after
Heap after GC invocations=7 (full 1):
 PSYoungGen      total 160768K, used 9734K [0x000000076b580000, 0x0000000777f80000, 0x00000007c0000000)
  eden space 147456K, 0% used [0x000000076b580000,0x000000076b580000,0x0000000774580000)
  from space 13312K, 73% used [0x0000000775200000,0x0000000775b819f0,0x0000000775f00000)
  to   space 12800K, 0% used [0x0000000774580000,0x0000000774580000,0x0000000775200000)
 ParOldGen       total 104960K, used 10720K [0x00000006c2000000, 0x00000006c8680000, 0x000000076b580000)
  object space 104960K, 10% used [0x00000006c2000000,0x00000006c2a78058,0x00000006c8680000)
 Metaspace       used 33125K, capacity 35358K, committed 35496K, reserved 1079296K
  class space    used 4471K, capacity 4920K, committed 5032K, reserved 1048576K
}
Event: 33.056 GC heap before
{Heap before GC invocations=8 (full 2):
 PSYoungGen      total 160768K, used 9734K [0x000000076b580000, 0x0000000777f80000, 0x00000007c0000000)
  eden space 147456K, 0% used [0x000000076b580000,0x000000076b580000,0x0000000774580000)
  from space 13312K, 73% used [0x0000000775200000,0x0000000775b819f0,0x0000000775f00000)
  to   space 12800K, 0% used [0x0000000774580000,0x0000000774580000,0x0000000775200000)
 ParOldGen       total 104960K, used 10720K [0x00000006c2000000, 0x00000006c8680000, 0x000000076b580000)
  object space 104960K, 10% used [0x00000006c2000000,0x00000006c2a78058,0x00000006c8680000)
 Metaspace       used 33125K, capacity 35358K, committed 35496K, reserved 1079296K
  class space    used 4471K, capacity 4920K, committed 5032K, reserved 1048576K
Event: 33.100 GC heap after
Heap after GC invocations=8 (full 2):
 PSYoungGen      total 160768K, used 0K [0x000000076b580000, 0x0000000777f80000, 0x00000007c0000000)
  eden space 147456K, 0% used [0x000000076b580000,0x000000076b580000,0x0000000774580000)
  from space 13312K, 0% used [0x0000000775200000,0x0000000775200000,0x0000000775f00000)
  to   space 12800K, 0% used [0x0000000774580000,0x0000000774580000,0x0000000775200000)
 ParOldGen       total 153088K, used 15219K [0x00000006c2000000, 0x00000006cb580000, 0x000000076b580000)
  object space 153088K, 9% used [0x00000006c2000000,0x00000006c2edcc58,0x00000006cb580000)
 Metaspace       used 33125K, capacity 35358K, committed 35496K, reserved 1079296K
  class space    used 4471K, capacity 4920K, committed 5032K, reserved 1048576K
}

